<?xml version="1.0" encoding="UTF-8"?>
<!-- Generated by org.testng.reporters.JUnitReportReporter -->
<testsuite skipped="0" hostname="KORAG-SUSHANT" name="home.RunScript" tests="1" failures="0" timestamp="02 May 2020 21:12:26 GMT" time="13.613" errors="0">
  <testcase name="f" time="13.613" classname="home.RunScript"/>
</testsuite> <!-- home.RunScript -->
